ERROR	2023/08/14 19:57:40 handlers.go:24: open ./ui/html/pages/home.html: The system cannot find the file specified.
exit status 0xc000013a
ERROR	2023/08/15 07:55:47 helpers.go:11: open ./ui/html/pages/home.html: The system cannot find the file specified.
goroutine 34 [running]:
runtime/debug.Stack()
	C:/Program Files/Go/src/runtime/debug/stack.go:24 +0x65
main.(*application).serverError(0xc000066d60, {0xea3c10, 0xc0000ba000}, {0xea1800?, 0xc00008a750?})
	C:/Users/felix.bausemer/Documents/VSCodeRepositories/_personal/Golang-SnippetBox/snippetbox/cmd/web/helpers.go:10 +0x66
main.(*application).home(0xb01906?, {0xea3c10?, 0xc0000ba000}, 0xbc030e?)
	C:/Users/felix.bausemer/Documents/VSCodeRepositories/_personal/Golang-SnippetBox/snippetbox/cmd/web/handlers.go:24 +0x17b
net/http.HandlerFunc.ServeHTTP(0xc000192280?, {0xea3c10?, 0xc0000ba000?}, 0xa8dd6a?)
	C:/Program Files/Go/src/net/http/server.go:2122 +0x2f
net/http.(*ServeMux).ServeHTTP(0x0?, {0xea3c10, 0xc0000ba000}, 0xc0000a0000)
	C:/Program Files/Go/src/net/http/server.go:2500 +0x149
net/http.serverHandler.ServeHTTP({0xc00008a090?}, {0xea3c10, 0xc0000ba000}, 0xc0000a0000)
	C:/Program Files/Go/src/net/http/server.go:2936 +0x316
net/http.(*conn).serve(0xc0001a0000, {0xea3e78, 0xc00018c150})
	C:/Program Files/Go/src/net/http/server.go:1995 +0x612
created by net/http.(*Server).Serve
	C:/Program Files/Go/src/net/http/server.go:3089 +0x5ed
exit status 0xc000013a
exit status 0xc000013a
ERROR	2023/08/15 07:58:44 handlers.go:24: open ./ui/html/pages/home.html: The system cannot find the file specified.
goroutine 8 [running]:
runtime/debug.Stack()
	C:/Program Files/Go/src/runtime/debug/stack.go:24 +0x65
main.(*application).serverError(0xc000066d60, {0xd93c10, 0xc0000b4000}, {0xd91800?, 0xc0000886f0?})
	C:/Users/felix.bausemer/Documents/VSCodeRepositories/_personal/Golang-SnippetBox/snippetbox/cmd/web/helpers.go:10 +0x58
main.(*application).home(0x9f1906?, {0xd93c10?, 0xc0000b4000}, 0xab030e?)
	C:/Users/felix.bausemer/Documents/VSCodeRepositories/_personal/Golang-SnippetBox/snippetbox/cmd/web/handlers.go:24 +0x17b
net/http.HandlerFunc.ServeHTTP(0xc000125180?, {0xd93c10?, 0xc0000b4000?}, 0x97dd6a?)
	C:/Program Files/Go/src/net/http/server.go:2122 +0x2f
net/http.(*ServeMux).ServeHTTP(0x0?, {0xd93c10, 0xc0000b4000}, 0xc000098000)
	C:/Program Files/Go/src/net/http/server.go:2500 +0x149
net/http.serverHandler.ServeHTTP({0xc000088030?}, {0xd93c10, 0xc0000b4000}, 0xc000098000)
	C:/Program Files/Go/src/net/http/server.go:2936 +0x316
net/http.(*conn).serve(0xc00015c000, {0xd93e78, 0xc00011b500})
	C:/Program Files/Go/src/net/http/server.go:1995 +0x612
created by net/http.(*Server).Serve
	C:/Program Files/Go/src/net/http/server.go:3089 +0x5ed
exit status 0xc000013a
